node41.cluster
 Read checkpoint file gaussian_11_scn.chk type G16
 Write formatted file gaussian_11_scn.fchk
 FChkPn:  Coordinates translated and rotated.
 FChkPn:  Coordinates match /B/ after translation and rotation.
 Will use up to     0 threads.
 Top CubeGen          Wed May  4 19:08:58 2022
 Aft UFChkP           Wed May  4 19:08:58 2022        0.37 cpu,        0.38 elapsed
 Aft DecCub           Wed May  4 19:08:58 2022        0.07 cpu,        0.07 elapsed
 Aft Density          Wed May  4 19:08:58 2022        0.00 cpu,        0.00 elapsed
 Bef DoCube           Wed May  4 19:08:58 2022        0.01 cpu,        0.01 elapsed
 There are a total of      151424 grid points.
 ElSum from          density=       15.9805230119
 Aft DoCube           Wed May  4 19:09:00 2022        1.58 cpu,        1.57 elapsed
 Will use up to     0 threads.
 Top CubeGen          Wed May  4 19:09:00 2022
 Aft UFChkP           Wed May  4 19:09:00 2022        0.39 cpu,        0.39 elapsed
 Aft DecCub           Wed May  4 19:09:01 2022        0.01 cpu,        0.01 elapsed
 Aft Density          Wed May  4 19:09:01 2022        0.00 cpu,        0.00 elapsed
 Bef DoCube           Wed May  4 19:09:01 2022        0.01 cpu,        0.01 elapsed
 There are a total of      151424 grid points.
 ElSum from          density=       28.1652350911
 Aft DoCube           Wed May  4 19:09:17 2022       16.08 cpu,       16.08 elapsed
