node41.cluster
 Read checkpoint file gaussian_4_scn.chk type G16
 Write formatted file gaussian_4_scn.fchk
 FChkPn:  Coordinates translated and rotated.
 FChkPn:  Coordinates match /B/ after translation and rotation.
 Will use up to     0 threads.
 Top CubeGen          Wed May  4 19:06:28 2022
 Aft UFChkP           Wed May  4 19:06:28 2022        0.40 cpu,        0.40 elapsed
 Aft DecCub           Wed May  4 19:06:28 2022        0.07 cpu,        0.07 elapsed
 Aft Density          Wed May  4 19:06:28 2022        0.00 cpu,        0.00 elapsed
 Bef DoCube           Wed May  4 19:06:28 2022        0.01 cpu,        0.01 elapsed
 There are a total of      159536 grid points.
 ElSum from          density=       16.0084546696
 Aft DoCube           Wed May  4 19:06:30 2022        1.86 cpu,        1.86 elapsed
 Will use up to     0 threads.
 Top CubeGen          Wed May  4 19:06:30 2022
 Aft UFChkP           Wed May  4 19:06:31 2022        0.41 cpu,        0.42 elapsed
 Aft DecCub           Wed May  4 19:06:31 2022        0.02 cpu,        0.01 elapsed
 Aft Density          Wed May  4 19:06:31 2022        0.00 cpu,        0.00 elapsed
 Bef DoCube           Wed May  4 19:06:31 2022        0.01 cpu,        0.01 elapsed
 There are a total of      159536 grid points.
 ElSum from          density=       28.8693713021
 Aft DoCube           Wed May  4 19:06:48 2022       17.89 cpu,       17.89 elapsed
