node41.cluster
 Read checkpoint file gaussian_7_scn.chk type G16
 Write formatted file gaussian_7_scn.fchk
 FChkPn:  Coordinates translated and rotated.
 FChkPn:  Coordinates match /B/ after translation and rotation.
 Will use up to     0 threads.
 Top CubeGen          Wed May  4 19:07:05 2022
 Aft UFChkP           Wed May  4 19:07:05 2022        0.41 cpu,        0.41 elapsed
 Aft DecCub           Wed May  4 19:07:05 2022        0.07 cpu,        0.07 elapsed
 Aft Density          Wed May  4 19:07:05 2022        0.00 cpu,        0.00 elapsed
 Bef DoCube           Wed May  4 19:07:05 2022        0.01 cpu,        0.01 elapsed
 There are a total of      156832 grid points.
 ElSum from          density=       16.0138579424
 Aft DoCube           Wed May  4 19:07:07 2022        1.73 cpu,        1.74 elapsed
 Will use up to     0 threads.
 Top CubeGen          Wed May  4 19:07:07 2022
 Aft UFChkP           Wed May  4 19:07:07 2022        0.40 cpu,        0.40 elapsed
 Aft DecCub           Wed May  4 19:07:07 2022        0.01 cpu,        0.01 elapsed
 Aft Density          Wed May  4 19:07:07 2022        0.00 cpu,        0.00 elapsed
 Bef DoCube           Wed May  4 19:07:07 2022        0.01 cpu,        0.01 elapsed
 There are a total of      156832 grid points.
 ElSum from          density=       28.8950097346
 Aft DoCube           Wed May  4 19:07:26 2022       18.23 cpu,       18.22 elapsed
