node41.cluster
 Read checkpoint file gaussian_5_scn.chk type G16
 Write formatted file gaussian_5_scn.fchk
 FChkPn:  Coordinates translated and rotated.
 FChkPn:  Coordinates match /B/ after translation and rotation.
 Will use up to     0 threads.
 Top CubeGen          Wed May  4 19:06:36 2022
 Aft UFChkP           Wed May  4 19:06:36 2022        0.37 cpu,        0.37 elapsed
 Aft DecCub           Wed May  4 19:06:36 2022        0.06 cpu,        0.07 elapsed
 Aft Density          Wed May  4 19:06:36 2022        0.00 cpu,        0.00 elapsed
 Bef DoCube           Wed May  4 19:06:36 2022        0.01 cpu,        0.01 elapsed
 There are a total of      156832 grid points.
 ElSum from          density=       15.9943055612
 Aft DoCube           Wed May  4 19:06:38 2022        1.63 cpu,        1.63 elapsed
 Will use up to     0 threads.
 Top CubeGen          Wed May  4 19:06:38 2022
 Aft UFChkP           Wed May  4 19:06:38 2022        0.37 cpu,        0.37 elapsed
 Aft DecCub           Wed May  4 19:06:38 2022        0.01 cpu,        0.01 elapsed
 Aft Density          Wed May  4 19:06:38 2022        0.00 cpu,        0.00 elapsed
 Bef DoCube           Wed May  4 19:06:38 2022        0.01 cpu,        0.01 elapsed
 There are a total of      156832 grid points.
 ElSum from          density=       28.5640064642
 Aft DoCube           Wed May  4 19:06:55 2022       17.31 cpu,       17.32 elapsed
