node41.cluster
 Read checkpoint file gaussian_0_scn.chk type G16
 Write formatted file gaussian_0_scn.fchk
 FChkPn:  Coordinates translated and rotated.
 FChkPn:  Coordinates match /B/ after translation and rotation.
 Will use up to     0 threads.
 Top CubeGen          Wed May  4 19:03:55 2022
 Aft UFChkP           Wed May  4 19:03:56 2022        0.41 cpu,        0.41 elapsed
 Aft DecCub           Wed May  4 19:03:56 2022        0.07 cpu,        0.07 elapsed
 Aft Density          Wed May  4 19:03:56 2022        0.00 cpu,        0.00 elapsed
 Bef DoCube           Wed May  4 19:03:56 2022        0.01 cpu,        0.01 elapsed
 There are a total of      159536 grid points.
 ElSum from          density=       16.0301959312
 Aft DoCube           Wed May  4 19:03:58 2022        2.06 cpu,        2.05 elapsed
 Will use up to     0 threads.
 Top CubeGen          Wed May  4 19:03:58 2022
 Aft UFChkP           Wed May  4 19:03:58 2022        0.41 cpu,        0.42 elapsed
 Aft DecCub           Wed May  4 19:03:58 2022        0.02 cpu,        0.01 elapsed
 Aft Density          Wed May  4 19:03:58 2022        0.00 cpu,        0.00 elapsed
 Bef DoCube           Wed May  4 19:03:58 2022        0.01 cpu,        0.01 elapsed
 There are a total of      159536 grid points.
 ElSum from          density=       29.3684102822
 Aft DoCube           Wed May  4 19:04:17 2022       18.78 cpu,       18.78 elapsed
